[01:16:15] [Server thread/INFO]: Starting minecraft server version 1.10
[01:16:15] [Server thread/INFO]: Loading properties
[01:16:15] [Server thread/INFO]: Default game type: SURVIVAL
[01:16:15] [Server thread/INFO]: Generating keypair
[01:16:15] [Server thread/INFO]: Starting Minecraft server on *:25565
[01:16:15] [Server thread/INFO]: Using epoll channel type
[01:16:15] [Server thread/WARN]: **** SERVER IS RUNNING IN OFFLINE/INSECURE MODE!
[01:16:15] [Server thread/WARN]: The server will make no attempt to authenticate usernames. Beware.
[01:16:15] [Server thread/WARN]: While this makes the game possible to play without internet access, it also opens up the ability for hackers to connect with any username they choose.
[01:16:15] [Server thread/WARN]: To change this, set "online-mode" to "true" in the server.properties file.
[01:16:15] [Server thread/INFO]: Preparing level "world"
[01:16:15] [Server thread/INFO]: Preparing start region for level 0
[01:16:16] [Server thread/INFO]: Preparing spawn area: 61%
[01:16:17] [Server thread/INFO]: Done (1.394s)! For help, type "help" or "?"
[01:16:17] [Server thread/INFO]: nmptestbot[/127.0.0.1:47928] logged in with entity id 366 at (197.5, 67.0, 205.5)
[01:16:17] [Server thread/INFO]: nmptestbot joined the game
[01:16:17] [Server thread/INFO]: Set the time to 13000
[01:16:37] [Server thread/INFO]: nmptestbot lost connection: TextComponent{text='Disconnected', siblings=[], style=Style{hasParent=false, color=null, bold=null, italic=null, underlined=null, obfuscated=null, clickEvent=null, hoverEvent=null, insertion=null}}
[01:16:37] [Server thread/INFO]: nmptestbot left the game
[01:16:37] [Server thread/INFO]: Stopping the server
[01:16:37] [Server thread/INFO]: Stopping server
[01:16:37] [Server thread/INFO]: Saving players
[01:16:37] [Server thread/INFO]: Saving worlds
[01:16:37] [Server thread/INFO]: Saving chunks for level 'world'/Overworld
[01:16:37] [Server thread/INFO]: Saving chunks for level 'world'/Nether
[01:16:37] [Server thread/INFO]: Saving chunks for level 'world'/The End
