[02:32:32] [Server thread/INFO]: Starting minecraft server version 1.9
[02:32:32] [Server thread/INFO]: Loading properties
[02:32:32] [Server thread/INFO]: Default game type: SURVIVAL
[02:32:32] [Server thread/INFO]: Generating keypair
[02:32:32] [Server thread/INFO]: Starting Minecraft server on *:25565
[02:32:32] [Server thread/INFO]: Using epoll channel type
[02:32:33] [Server thread/WARN]: **** SERVER IS RUNNING IN OFFLINE/INSECURE MODE!
[02:32:33] [Server thread/WARN]: The server will make no attempt to authenticate usernames. Beware.
[02:32:33] [Server thread/WARN]: While this makes the game possible to play without internet access, it also opens up the ability for hackers to connect with any username they choose.
[02:32:33] [Server thread/WARN]: To change this, set "online-mode" to "true" in the server.properties file.
[02:32:33] [Server thread/INFO]: Preparing level "world"
[02:32:33] [Server thread/INFO]: Preparing start region for level 0
[02:32:34] [Server thread/INFO]: Preparing spawn area: 46%
[02:32:34] [Server thread/INFO]: Done (1.625s)! For help, type "help" or "?"
[02:32:35] [Server thread/INFO]: nmptestbot[/127.0.0.1:45500] logged in with entity id 344 at (81.5, 82.0, 251.5)
[02:32:35] [Server thread/INFO]: nmptestbot joined the game
[02:32:36] [Server thread/INFO]: Set the time to 13000
[02:32:55] [Server thread/INFO]: nmptestbot lost connection: TextComponent{text='Disconnected', siblings=[], style=Style{hasParent=false, color=null, bold=null, italic=null, underlined=null, obfuscated=null, clickEvent=null, hoverEvent=null, insertion=null}}
[02:32:55] [Server thread/INFO]: nmptestbot left the game
[02:32:55] [Server thread/INFO]: Stopping the server
[02:32:55] [Server thread/INFO]: Stopping server
[02:32:55] [Server thread/INFO]: Saving players
[02:32:55] [Server thread/INFO]: Saving worlds
[02:32:55] [Server thread/INFO]: Saving chunks for level 'world'/Overworld
[02:32:55] [Server thread/INFO]: Saving chunks for level 'world'/Nether
[02:32:55] [Server thread/INFO]: Saving chunks for level 'world'/The End
