[02:34:08] [main/WARN]: Ambiguity between arguments [teleport, destination] and [teleport, targets] with inputs: [Player, 0123, @e, dd12be42-52a9-4a91-a8a1-11c01849e498]
[02:34:08] [main/WARN]: Ambiguity between arguments [teleport, location] and [teleport, destination] with inputs: [0.1 -0.5 .9, 0 0 0]
[02:34:08] [main/WARN]: Ambiguity between arguments [teleport, location] and [teleport, targets] with inputs: [0.1 -0.5 .9, 0 0 0]
[02:34:08] [main/WARN]: Ambiguity between arguments [teleport, targets] and [teleport, destination] with inputs: [Player, 0123, dd12be42-52a9-4a91-a8a1-11c01849e498]
[02:34:08] [main/WARN]: Ambiguity between arguments [teleport, targets, location] and [teleport, targets, destination] with inputs: [0.1 -0.5 .9, 0 0 0]
[02:34:08] [Server thread/INFO]: Starting minecraft server version 1.14
[02:34:08] [Server thread/INFO]: Loading properties
[02:34:08] [Server thread/INFO]: Default game type: SURVIVAL
[02:34:08] [Server thread/INFO]: Generating keypair
[02:34:08] [Server thread/INFO]: Starting Minecraft server on *:25565
[02:34:08] [Server thread/INFO]: Using epoll channel type
[02:34:08] [Server thread/WARN]: **** SERVER IS RUNNING IN OFFLINE/INSECURE MODE!
[02:34:08] [Server thread/WARN]: The server will make no attempt to authenticate usernames. Beware.
[02:34:08] [Server thread/WARN]: While this makes the game possible to play without internet access, it also opens up the ability for hackers to connect with any username they choose.
[02:34:08] [Server thread/WARN]: To change this, set "online-mode" to "true" in the server.properties file.
[02:34:08] [Server thread/INFO]: Preparing level "world"
[02:34:08] [Server thread/INFO]: Reloading ResourceManager: Default
[02:34:10] [Server thread/INFO]: Loaded 6 recipes
[02:34:11] [Server thread/INFO]: Loaded 811 advancements
[02:34:30] [Server thread/INFO]: Preparing start region for dimension minecraft:overworld
[02:34:31] [Server-Worker-1/INFO]: Preparing spawn area: 0%
[02:34:31] [Server-Worker-1/INFO]: Preparing spawn area: 0%
[02:34:35] [Server-Worker-1/INFO]: Preparing spawn area: 0%
[02:34:35] [Server-Worker-1/INFO]: Preparing spawn area: 0%
[02:34:35] [Server-Worker-1/INFO]: Preparing spawn area: 0%
[02:34:35] [Server-Worker-1/INFO]: Preparing spawn area: 0%
[02:34:35] [Server-Worker-1/INFO]: Preparing spawn area: 0%
[02:34:35] [Server-Worker-1/INFO]: Preparing spawn area: 0%
[02:34:35] [Server-Worker-1/INFO]: Preparing spawn area: 0%
[02:34:35] [Server-Worker-1/INFO]: Preparing spawn area: 0%
[02:34:35] [Server-Worker-1/INFO]: Preparing spawn area: 0%
[02:34:36] [Server-Worker-1/INFO]: Preparing spawn area: 0%
[02:34:36] [Server-Worker-1/INFO]: Preparing spawn area: 9%
[02:34:37] [Server-Worker-1/INFO]: Preparing spawn area: 32%
[02:34:37] [Server-Worker-1/INFO]: Preparing spawn area: 79%
[02:34:38] [Server-Worker-1/INFO]: Preparing spawn area: 84%
[02:34:38] [Server-Worker-1/INFO]: Preparing spawn area: 91%
[02:34:39] [Server thread/INFO]: Time elapsed: 8345 ms
[02:34:39] [Server thread/INFO]: Done (30.120s)! For help, type "help"
[02:34:39] [Server thread/INFO]: nmptestbot[/127.0.0.1:48632] logged in with entity id 218 at (-165.5, 70.0, 229.5)
[02:34:39] [Server thread/INFO]: nmptestbot joined the game
[02:34:41] [Server thread/INFO]: Set the time to 13000
[02:34:59] [Server thread/INFO]: nmptestbot lost connection: Disconnected
[02:34:59] [Server thread/INFO]: nmptestbot left the game
[02:34:59] [Server thread/INFO]: Stopping the server
[02:34:59] [Server thread/INFO]: Stopping server
[02:34:59] [Server thread/INFO]: Saving players
[02:34:59] [Server thread/INFO]: Saving worlds
[02:34:59] [Server thread/INFO]: Saving chunks for level 'world'/minecraft:overworld
[02:35:01] [Server thread/INFO]: ThreadedAnvilChunkStorage (world): All chunks are saved
[02:35:01] [Server thread/INFO]: Saving chunks for level 'world'/minecraft:the_end
[02:35:01] [Server thread/INFO]: ThreadedAnvilChunkStorage (DIM1): All chunks are saved
[02:35:01] [Server thread/INFO]: Saving chunks for level 'world'/minecraft:the_nether
[02:35:01] [Server thread/INFO]: ThreadedAnvilChunkStorage (DIM-1): All chunks are saved
[02:35:01] [Server thread/INFO]: ThreadedAnvilChunkStorage (world): All chunks are saved
[02:35:01] [Server thread/INFO]: ThreadedAnvilChunkStorage (world): All chunks are saved
[02:35:01] [Server thread/INFO]: ThreadedAnvilChunkStorage (DIM1): All chunks are saved
[02:35:01] [Server thread/INFO]: ThreadedAnvilChunkStorage (DIM1): All chunks are saved
[02:35:01] [Server thread/INFO]: ThreadedAnvilChunkStorage (DIM-1): All chunks are saved
[02:35:01] [Server thread/INFO]: ThreadedAnvilChunkStorage (DIM-1): All chunks are saved
