[02:34:14] [main/WARN]: Ambiguity between arguments [teleport, destination] and [teleport, targets] with inputs: [Player, 0123, @e, dd12be42-52a9-4a91-a8a1-11c01849e498]
[02:34:14] [main/WARN]: Ambiguity between arguments [teleport, location] and [teleport, destination] with inputs: [0.1 -0.5 .9, 0 0 0]
[02:34:14] [main/WARN]: Ambiguity between arguments [teleport, location] and [teleport, targets] with inputs: [0.1 -0.5 .9, 0 0 0]
[02:34:14] [main/WARN]: Ambiguity between arguments [teleport, targets] and [teleport, destination] with inputs: [Player, 0123, dd12be42-52a9-4a91-a8a1-11c01849e498]
[02:34:14] [main/WARN]: Ambiguity between arguments [teleport, targets, location] and [teleport, targets, destination] with inputs: [0.1 -0.5 .9, 0 0 0]
[02:34:14] [Server thread/INFO]: Starting minecraft server version 1.15
[02:34:14] [Server thread/INFO]: Loading properties
[02:34:14] [Server thread/INFO]: Default game type: SURVIVAL
[02:34:14] [Server thread/INFO]: Generating keypair
[02:34:15] [Server thread/INFO]: Starting Minecraft server on *:25565
[02:34:15] [Server thread/INFO]: Using epoll channel type
[02:34:15] [Server thread/WARN]: **** SERVER IS RUNNING IN OFFLINE/INSECURE MODE!
[02:34:15] [Server thread/WARN]: The server will make no attempt to authenticate usernames. Beware.
[02:34:15] [Server thread/WARN]: While this makes the game possible to play without internet access, it also opens up the ability for hackers to connect with any username they choose.
[02:34:15] [Server thread/WARN]: To change this, set "online-mode" to "true" in the server.properties file.
[02:34:15] [Server thread/INFO]: Preparing level "world"
[02:34:15] [Server thread/INFO]: Reloading ResourceManager: Default
[02:34:17] [Server thread/INFO]: Loaded 6 recipes
[02:34:18] [Server thread/INFO]: Loaded 825 advancements
[02:34:20] [Server thread/INFO]: Preparing start region for dimension minecraft:overworld
[02:34:22] [Server thread/INFO]: Preparing spawn area: 0%
[02:34:22] [Server thread/INFO]: Preparing spawn area: 0%
[02:34:22] [Server thread/INFO]: Preparing spawn area: 0%
[02:34:22] [Server thread/INFO]: Preparing spawn area: 0%
[02:34:42] [Server-Worker-1/INFO]: Preparing spawn area: 0%
[02:34:42] [Server-Worker-1/INFO]: Preparing spawn area: 0%
[02:34:42] [Server-Worker-1/INFO]: Preparing spawn area: 0%
[02:34:42] [Server-Worker-1/INFO]: Preparing spawn area: 0%
[02:34:42] [Server-Worker-1/INFO]: Preparing spawn area: 0%
[02:34:42] [Server-Worker-1/INFO]: Preparing spawn area: 0%
[02:34:42] [Server-Worker-1/INFO]: Preparing spawn area: 0%
[02:34:42] [Server-Worker-1/INFO]: Preparing spawn area: 0%
[02:34:42] [Server-Worker-1/INFO]: Preparing spawn area: 0%
[02:34:42] [Server-Worker-1/INFO]: Preparing spawn area: 0%
[02:34:42] [Server-Worker-1/INFO]: Preparing spawn area: 0%
[02:34:42] [Server-Worker-1/INFO]: Preparing spawn area: 0%
[02:34:42] [Server-Worker-1/INFO]: Preparing spawn area: 0%
[02:34:42] [Server-Worker-1/INFO]: Preparing spawn area: 0%
[02:34:42] [Server-Worker-1/INFO]: Preparing spawn area: 0%
[02:34:42] [Server-Worker-1/INFO]: Preparing spawn area: 0%
[02:34:42] [Server-Worker-1/INFO]: Preparing spawn area: 0%
[02:34:42] [Server-Worker-1/INFO]: Preparing spawn area: 0%
[02:34:42] [Server-Worker-1/INFO]: Preparing spawn area: 0%
[02:34:42] [Server-Worker-1/INFO]: Preparing spawn area: 0%
[02:34:42] [Server-Worker-1/INFO]: Preparing spawn area: 0%
[02:34:42] [Server-Worker-1/INFO]: Preparing spawn area: 0%
[02:34:42] [Server-Worker-1/INFO]: Preparing spawn area: 0%
[02:34:42] [Server-Worker-1/INFO]: Preparing spawn area: 0%
[02:34:42] [Server-Worker-1/INFO]: Preparing spawn area: 0%
[02:34:42] [Server-Worker-1/INFO]: Preparing spawn area: 0%
[02:34:42] [Server-Worker-1/INFO]: Preparing spawn area: 0%
[02:34:42] [Server-Worker-1/INFO]: Preparing spawn area: 0%
[02:34:42] [Server-Worker-1/INFO]: Preparing spawn area: 0%
[02:34:42] [Server-Worker-1/INFO]: Preparing spawn area: 0%
[02:34:42] [Server-Worker-1/INFO]: Preparing spawn area: 0%
[02:34:42] [Server-Worker-1/INFO]: Preparing spawn area: 0%
[02:34:42] [Server-Worker-1/INFO]: Preparing spawn area: 0%
[02:34:42] [Server-Worker-1/INFO]: Preparing spawn area: 0%
[02:34:42] [Server-Worker-1/INFO]: Preparing spawn area: 0%
[02:34:42] [Server-Worker-1/INFO]: Preparing spawn area: 0%
[02:34:42] [Server-Worker-1/INFO]: Preparing spawn area: 0%
[02:34:42] [Server-Worker-1/INFO]: Preparing spawn area: 0%
[02:34:42] [Server-Worker-1/INFO]: Preparing spawn area: 0%
[02:34:42] [Server-Worker-1/INFO]: Preparing spawn area: 0%
[02:34:42] [Server-Worker-1/INFO]: Preparing spawn area: 0%
[02:34:44] [Server-Worker-1/INFO]: Preparing spawn area: 0%
[02:34:44] [Server-Worker-1/INFO]: Preparing spawn area: 0%
[02:34:44] [Server-Worker-1/INFO]: Preparing spawn area: 0%
[02:34:44] [Server-Worker-1/INFO]: Preparing spawn area: 0%
[02:34:45] [Server-Worker-1/INFO]: Preparing spawn area: 0%
[02:34:45] [Server thread/INFO]: Preparing spawn area: 0%
[02:34:46] [Server thread/INFO]: Preparing spawn area: 34%
[02:34:46] [Server-Worker-1/INFO]: Preparing spawn area: 72%
[02:34:47] [Server-Worker-1/INFO]: Preparing spawn area: 83%
[02:34:47] [Server thread/INFO]: Preparing spawn area: 83%
[02:34:48] [Server-Worker-1/INFO]: Preparing spawn area: 85%
[02:34:48] [Server-Worker-1/INFO]: Preparing spawn area: 87%
[02:34:49] [Server-Worker-1/INFO]: Preparing spawn area: 89%
[02:34:49] [Server thread/INFO]: Preparing spawn area: 92%
[02:34:50] [Server-Worker-1/INFO]: Preparing spawn area: 94%
[02:34:50] [Server-Worker-1/INFO]: Preparing spawn area: 96%
[02:34:51] [Server thread/INFO]: Preparing spawn area: 98%
[02:34:51] [Server thread/INFO]: Time elapsed: 30685 ms
[02:34:51] [Server thread/INFO]: Done (35.760s)! For help, type "help"
[02:34:51] [Server thread/INFO]: nmptestbot[/127.0.0.1:45770] logged in with entity id 215 at (122.5, 69.0, -25.5)
[02:34:52] [Server thread/INFO]: nmptestbot joined the game
[02:34:53] [Server thread/INFO]: Set the time to 13000
[02:35:11] [Server thread/INFO]: nmptestbot lost connection: Disconnected
[02:35:11] [Server thread/INFO]: nmptestbot left the game
[02:35:11] [Server thread/INFO]: Stopping the server
[02:35:11] [Server thread/INFO]: Stopping server
[02:35:11] [Server thread/INFO]: Saving players
[02:35:11] [Server thread/INFO]: Saving worlds
[02:35:11] [Server thread/INFO]: Saving chunks for level 'world'/minecraft:the_nether
[02:35:11] [Server thread/INFO]: ThreadedAnvilChunkStorage (DIM-1): All chunks are saved
[02:35:11] [Server thread/INFO]: Saving chunks for level 'world'/minecraft:the_end
[02:35:11] [Server thread/INFO]: ThreadedAnvilChunkStorage (DIM1): All chunks are saved
[02:35:11] [Server thread/INFO]: Saving chunks for level 'world'/minecraft:overworld
[02:35:12] [Server thread/INFO]: ThreadedAnvilChunkStorage (world): All chunks are saved
[02:35:12] [Server thread/INFO]: ThreadedAnvilChunkStorage (DIM-1): All chunks are saved
[02:35:13] [Server thread/INFO]: ThreadedAnvilChunkStorage (DIM1): All chunks are saved
[02:35:13] [Server thread/INFO]: ThreadedAnvilChunkStorage (world): All chunks are saved
