[02:32:48] [main/WARN]: Ambiguity between arguments [teleport, destination] and [teleport, targets] with inputs: [Player, 0123, @e, dd12be42-52a9-4a91-a8a1-11c01849e498]
[02:32:48] [main/WARN]: Ambiguity between arguments [teleport, location] and [teleport, destination] with inputs: [0.1 -0.5 .9, 0 0 0]
[02:32:48] [main/WARN]: Ambiguity between arguments [teleport, location] and [teleport, targets] with inputs: [0.1 -0.5 .9, 0 0 0]
[02:32:48] [main/WARN]: Ambiguity between arguments [teleport, targets] and [teleport, destination] with inputs: [Player, 0123, dd12be42-52a9-4a91-a8a1-11c01849e498]
[02:32:48] [main/WARN]: Ambiguity between arguments [teleport, targets, location] and [teleport, targets, destination] with inputs: [0.1 -0.5 .9, 0 0 0]
[02:32:48] [main/INFO]: Loaded 0 recipes
[02:32:48] [main/INFO]: Loaded 0 advancements
[02:32:48] [Server thread/INFO]: Starting minecraft server version 1.13
[02:32:48] [Server thread/INFO]: Loading properties
[02:32:48] [Server thread/INFO]: Default game type: SURVIVAL
[02:32:48] [Server thread/INFO]: Generating keypair
[02:32:48] [Server thread/INFO]: Starting Minecraft server on *:25565
[02:32:48] [Server thread/INFO]: Using epoll channel type
[02:32:48] [Server thread/WARN]: **** SERVER IS RUNNING IN OFFLINE/INSECURE MODE!
[02:32:48] [Server thread/WARN]: The server will make no attempt to authenticate usernames. Beware.
[02:32:48] [Server thread/WARN]: While this makes the game possible to play without internet access, it also opens up the ability for hackers to connect with any username they choose.
[02:32:48] [Server thread/WARN]: To change this, set "online-mode" to "true" in the server.properties file.
[02:32:48] [Server thread/INFO]: Preparing level "world"
[02:32:49] [Server thread/INFO]: Reloading ResourceManager: Default
[02:32:49] [Server thread/INFO]: Loaded 524 recipes
[02:32:49] [Server thread/INFO]: Loaded 571 advancements
[02:32:49] [Server thread/INFO]: Preparing start region for level 0
[02:32:50] [Server thread/INFO]: Preparing spawn area: 4%
[02:32:50] [Server thread/INFO]: Preparing spawn area: 8%
[02:32:50] [Server thread/INFO]: Preparing spawn area: 12%
[02:32:50] [Server thread/INFO]: Preparing spawn area: 16%
[02:32:50] [Server thread/INFO]: Preparing spawn area: 20%
[02:32:50] [Server thread/INFO]: Preparing spawn area: 24%
[02:32:50] [Server thread/INFO]: Preparing spawn area: 28%
[02:32:50] [Server thread/INFO]: Preparing spawn area: 32%
[02:32:50] [Server thread/INFO]: Preparing spawn area: 36%
[02:32:50] [Server thread/INFO]: Preparing spawn area: 40%
[02:32:50] [Server thread/INFO]: Preparing spawn area: 44%
[02:32:50] [Server thread/INFO]: Preparing spawn area: 48%
[02:32:50] [Server thread/INFO]: Preparing spawn area: 52%
[02:32:50] [Server thread/INFO]: Preparing spawn area: 56%
[02:32:50] [Server thread/INFO]: Preparing spawn area: 60%
[02:32:51] [Server thread/INFO]: Preparing spawn area: 64%
[02:32:51] [Server thread/INFO]: Preparing spawn area: 68%
[02:32:51] [Server thread/INFO]: Preparing spawn area: 72%
[02:32:51] [Server thread/INFO]: Preparing spawn area: 76%
[02:32:51] [Server thread/INFO]: Preparing spawn area: 80%
[02:32:51] [Server thread/INFO]: Preparing spawn area: 84%
[02:32:51] [Server thread/INFO]: Preparing spawn area: 88%
[02:32:51] [Server thread/INFO]: Preparing spawn area: 92%
[02:32:51] [Server thread/INFO]: Preparing spawn area: 96%
[02:32:51] [Server thread/INFO]: Preparing spawn area: 100%
[02:32:51] [Server thread/INFO]: Time elapsed: 1735 ms
[02:32:51] [Server thread/INFO]: Done (2.674s)! For help, type "help"
[02:32:52] [Server thread/INFO]: nmptestbot[/127.0.0.1:51052] logged in with entity id 313 at (185.5, 67.0, 87.5)
[02:32:52] [Server thread/INFO]: nmptestbot joined the game
[02:32:53] [Server thread/INFO]: Set the time to 13000
[02:33:12] [Server thread/INFO]: nmptestbot lost connection: Disconnected
[02:33:12] [Server thread/INFO]: nmptestbot left the game
[02:33:12] [Server thread/INFO]: Stopping the server
[02:33:12] [Server thread/INFO]: Stopping server
[02:33:12] [Server thread/INFO]: Saving players
[02:33:12] [Server thread/INFO]: Saving worlds
[02:33:12] [Server thread/INFO]: Saving chunks for level 'world'/overworld
[02:33:12] [Server thread/INFO]: Saving chunks for level 'world'/the_nether
[02:33:12] [Server thread/INFO]: Saving chunks for level 'world'/the_end
[02:33:12] [Server Shutdown Thread/INFO]: Stopping server
[02:33:12] [Server Shutdown Thread/INFO]: Saving players
