[21:48:34] [Server thread/INFO]: Starting minecraft server version 1.8
[21:48:34] [Server thread/INFO]: Loading properties
[21:48:34] [Server thread/INFO]: Default game type: SURVIVAL
[21:48:34] [Server thread/INFO]: Generating keypair
[21:48:34] [Server thread/INFO]: Starting Minecraft server on *:25565
[21:48:34] [Server thread/WARN]: **** SERVER IS RUNNING IN OFFLINE/INSECURE MODE!
[21:48:34] [Server thread/WARN]: The server will make no attempt to authenticate usernames. Beware.
[21:48:34] [Server thread/WARN]: While this makes the game possible to play without internet access, it also opens up the ability for hackers to connect with any username they choose.
[21:48:34] [Server thread/WARN]: To change this, set "online-mode" to "true" in the server.properties file.
[21:48:34] [Server thread/INFO]: Preparing level "world"
[21:48:35] [Server thread/INFO]: Preparing start region for level 0
[21:48:36] [Server thread/INFO]: Preparing spawn area: 6%
[21:48:37] [Server thread/INFO]: Preparing spawn area: 14%
[21:48:38] [Server thread/INFO]: Preparing spawn area: 24%
[21:48:39] [Server thread/INFO]: Preparing spawn area: 35%
[21:48:40] [Server thread/INFO]: Preparing spawn area: 48%
[21:48:41] [Server thread/INFO]: Preparing spawn area: 62%
[21:48:42] [Server thread/INFO]: Preparing spawn area: 75%
[21:48:43] [Server thread/INFO]: Preparing spawn area: 91%
[21:48:43] [Server thread/INFO]: Done (8.832s)! For help, type "help" or "?"
[21:48:44] [Server thread/INFO]: nmptestbot[/127.0.0.1:56062] logged in with entity id 159 at (94.5, 67.0, 254.5)
[21:48:44] [Server thread/INFO]: nmptestbot joined the game
[21:48:47] [Server thread/WARN]: Can't keep up! Did the system time change, or is the server overloaded? Running 2876ms behind, skipping 57 tick(s)
[21:48:47] [Server thread/INFO]: Set the time to 13000
[21:49:44] [Server thread/INFO]: nmptestbot lost connection: TextComponent{text='Disconnected', siblings=[], style=Style{hasParent=false, color=null, bold=null, italic=null, underlined=null, obfuscated=null, clickEvent=null, hoverEvent=null, insertion=null}}
[21:49:44] [Server thread/INFO]: nmptestbot left the game
[21:49:44] [Server thread/INFO]: Stopping the server
[21:49:44] [Server thread/INFO]: Stopping server
[21:49:44] [Server thread/INFO]: Saving players
[21:49:44] [Server thread/INFO]: Saving worlds
[21:49:44] [Server thread/INFO]: Saving chunks for level 'world'/Overworld
[21:49:44] [Server thread/INFO]: Saving chunks for level 'world'/Nether
[21:49:44] [Server thread/INFO]: Saving chunks for level 'world'/The End
[21:49:44] [Server Shutdown Thread/INFO]: Stopping server
