[02:33:38] [main/INFO]: Environment: authHost='https://authserver.mojang.com', accountsHost='https://api.mojang.com', sessionHost='https://sessionserver.mojang.com', name='PROD'
[02:33:39] [main/WARN]: Ambiguity between arguments [teleport, destination] and [teleport, targets] with inputs: [Player, 0123, @e, dd12be42-52a9-4a91-a8a1-11c01849e498]
[02:33:39] [main/WARN]: Ambiguity between arguments [teleport, location] and [teleport, destination] with inputs: [0.1 -0.5 .9, 0 0 0]
[02:33:39] [main/WARN]: Ambiguity between arguments [teleport, location] and [teleport, targets] with inputs: [0.1 -0.5 .9, 0 0 0]
[02:33:39] [main/WARN]: Ambiguity between arguments [teleport, targets] and [teleport, destination] with inputs: [Player, 0123, dd12be42-52a9-4a91-a8a1-11c01849e498]
[02:33:39] [main/WARN]: Ambiguity between arguments [teleport, targets, location] and [teleport, targets, destination] with inputs: [0.1 -0.5 .9, 0 0 0]
[02:33:39] [main/INFO]: Reloading ResourceManager: Default
[02:33:40] [Worker-Main-2/INFO]: Loaded 7 recipes
[02:33:40] [Worker-Main-2/INFO]: Loaded 927 advancements
[02:33:41] [Server thread/INFO]: Starting minecraft server version 1.16
[02:33:41] [Server thread/INFO]: Loading properties
[02:33:41] [Server thread/INFO]: Default game type: SURVIVAL
[02:33:41] [Server thread/INFO]: Generating keypair
[02:33:42] [Server thread/INFO]: Starting Minecraft server on *:25565
[02:33:42] [Server thread/INFO]: Using epoll channel type
[02:33:42] [Server thread/WARN]: **** SERVER IS RUNNING IN OFFLINE/INSECURE MODE!
[02:33:42] [Server thread/WARN]: The server will make no attempt to authenticate usernames. Beware.
[02:33:42] [Server thread/WARN]: While this makes the game possible to play without internet access, it also opens up the ability for hackers to connect with any username they choose.
[02:33:42] [Server thread/WARN]: To change this, set "online-mode" to "true" in the server.properties file.
[02:33:42] [Server thread/INFO]: Preparing level "world"
[02:33:42] [Server thread/INFO]: Preparing start region for dimension minecraft:overworld
[02:33:44] [Server thread/INFO]: Preparing spawn area: 0%
[02:33:44] [Server thread/INFO]: Preparing spawn area: 0%
[02:33:44] [Server thread/INFO]: Preparing spawn area: 0%
[02:33:44] [Server thread/INFO]: Preparing spawn area: 0%
[02:33:44] [Server thread/INFO]: Preparing spawn area: 0%
[02:33:45] [Worker-Main-2/INFO]: Preparing spawn area: 0%
[02:33:49] [Worker-Main-2/INFO]: Preparing spawn area: 61%
[02:33:49] [Server thread/INFO]: Preparing spawn area: 61%
[02:33:49] [Server thread/INFO]: Preparing spawn area: 61%
[02:33:49] [Server thread/INFO]: Preparing spawn area: 61%
[02:33:49] [Server thread/INFO]: Preparing spawn area: 61%
[02:33:49] [Server thread/INFO]: Preparing spawn area: 61%
[02:33:49] [Server thread/INFO]: Preparing spawn area: 61%
[02:33:49] [Server thread/INFO]: Preparing spawn area: 61%
[02:33:50] [Worker-Main-2/INFO]: Preparing spawn area: 87%
[02:33:50] [Worker-Main-2/INFO]: Preparing spawn area: 87%
[02:33:50] [Worker-Main-2/INFO]: Preparing spawn area: 87%
[02:33:51] [Worker-Main-2/INFO]: Preparing spawn area: 87%
[02:33:51] [Worker-Main-2/INFO]: Preparing spawn area: 87%
[02:33:52] [Worker-Main-2/INFO]: Preparing spawn area: 87%
[02:33:52] [Worker-Main-2/INFO]: Preparing spawn area: 87%
[02:33:53] [Worker-Main-2/INFO]: Preparing spawn area: 87%
[02:33:54] [Worker-Main-2/INFO]: Preparing spawn area: 87%
[02:33:54] [Worker-Main-2/INFO]: Preparing spawn area: 87%
[02:33:54] [Worker-Main-2/INFO]: Preparing spawn area: 87%
[02:33:55] [Worker-Main-2/INFO]: Preparing spawn area: 87%
[02:33:55] [Worker-Main-2/INFO]: Preparing spawn area: 88%
[02:33:56] [Worker-Main-2/INFO]: Preparing spawn area: 90%
[02:33:56] [Server thread/INFO]: Preparing spawn area: 92%
[02:33:57] [Server thread/INFO]: Preparing spawn area: 96%
[02:33:57] [Server thread/INFO]: Preparing spawn area: 99%
[02:33:57] [Server thread/INFO]: Time elapsed: 15081 ms
[02:33:57] [Server thread/INFO]: Done (15.232s)! For help, type "help"
[02:33:58] [Server thread/INFO]: nmptestbot[/127.0.0.1:57670] logged in with entity id 255 at (-240.5, 64.0, -251.5)
[02:33:58] [Server thread/INFO]: nmptestbot joined the game
[02:34:00] [Server thread/INFO]: Set the time to 13000
[02:34:18] [Server thread/INFO]: nmptestbot lost connection: Disconnected
[02:34:18] [Server thread/INFO]: nmptestbot left the game
[02:34:18] [Server thread/INFO]: Stopping the server
[02:34:18] [Server thread/INFO]: Stopping server
[02:34:18] [Server thread/INFO]: Saving players
[02:34:18] [Server thread/INFO]: Saving worlds
[02:34:18] [Server thread/INFO]: Saving chunks for level 'ServerLevel[world]'/minecraft:overworld
[02:34:19] [Server thread/INFO]: ThreadedAnvilChunkStorage (world): All chunks are saved
[02:34:19] [Server thread/INFO]: Saving chunks for level 'ServerLevel[world]'/minecraft:the_nether
[02:34:19] [Server thread/INFO]: ThreadedAnvilChunkStorage (DIM-1): All chunks are saved
[02:34:19] [Server thread/INFO]: Saving chunks for level 'ServerLevel[world]'/minecraft:the_end
[02:34:19] [Server thread/INFO]: ThreadedAnvilChunkStorage (DIM1): All chunks are saved
[02:34:19] [Server thread/INFO]: ThreadedAnvilChunkStorage (world): All chunks are saved
[02:34:19] [Server thread/INFO]: ThreadedAnvilChunkStorage (DIM-1): All chunks are saved
[02:34:19] [Server thread/INFO]: ThreadedAnvilChunkStorage (DIM1): All chunks are saved
