[02:32:22] [Server thread/INFO]: Starting minecraft server version 1.12
[02:32:22] [Server thread/INFO]: Loading properties
[02:32:22] [Server thread/INFO]: Default game type: SURVIVAL
[02:32:22] [Server thread/INFO]: Generating keypair
[02:32:22] [Server thread/INFO]: Starting Minecraft server on *:25565
[02:32:22] [Server thread/INFO]: Using epoll channel type
[02:32:22] [Server thread/WARN]: **** SERVER IS RUNNING IN OFFLINE/INSECURE MODE!
[02:32:22] [Server thread/WARN]: The server will make no attempt to authenticate usernames. Beware.
[02:32:22] [Server thread/WARN]: While this makes the game possible to play without internet access, it also opens up the ability for hackers to connect with any username they choose.
[02:32:22] [Server thread/WARN]: To change this, set "online-mode" to "true" in the server.properties file.
[02:32:22] [Server thread/INFO]: Preparing level "world"
[02:32:22] [Server thread/INFO]: Loaded 488 advancements
[02:32:22] [Server thread/INFO]: Preparing start region for level 0
[02:32:23] [Server thread/INFO]: Preparing spawn area: 25%
[02:32:24] [Server thread/INFO]: Done (2.069s)! For help, type "help" or "?"
[02:32:25] [Server thread/INFO]: nmptestbot[/127.0.0.1:51966] logged in with entity id 207 at (157.5, 69.0, -67.5)
[02:32:25] [Server thread/INFO]: nmptestbot joined the game
[02:32:25] [Server thread/INFO]: Set the time to 13000
[02:32:45] [Server thread/INFO]: nmptestbot lost connection: Disconnected
[02:32:45] [Server thread/INFO]: nmptestbot left the game
[02:32:45] [Server thread/INFO]: Stopping the server
[02:32:45] [Server thread/INFO]: Stopping server
[02:32:45] [Server thread/INFO]: Saving players
[02:32:45] [Server thread/INFO]: Saving worlds
[02:32:45] [Server thread/INFO]: Saving chunks for level 'world'/overworld
[02:32:45] [Server thread/INFO]: Saving chunks for level 'world'/the_nether
[02:32:45] [Server thread/INFO]: Saving chunks for level 'world'/the_end
[02:32:45] [Server Shutdown Thread/INFO]: Stopping server
